
0.0001s - [INFO ] Log file active at [_logs/2024-11-12-build.log]
0.0001s - [INFO ] Executing command [BUILD] on [2024-11-12] at [02:38:04]
0.0002s - [INFO ] Starting static website build
0.0003s - [INFO ]   Loading theme [crossroads]
0.0004s - [WARN ]   Setting not found [theme.parent] in [/Users/duane/Code/personal/sites/crossroads-site/core/src/theme.php:46]
0.0005s - [INFO ]     Theme successfull loaded
0.0006s - [INFO ]     Processing asset [crossroads.css]
0.0006s - [WARN ]       Unable to find source [/Users/duane/Code/personal/sites/crossroads-site/core/themes/crossroads/assets/bootstrap.min.css]
0.0006s - [WARN ]       Unable to find source [/Users/duane/Code/personal/sites/crossroads-site/core/themes/crossroads/assets/custom.scss]
0.0006s - [INFO ]     Processing asset [crossroads.min.js]
0.0006s - [WARN ]       Unable to find source [/Users/duane/Code/personal/sites/crossroads-site/core/themes/crossroads/assets/bootstrap.bundle.min.js]
0.0006s - [WARN ]       Unable to find source [/Users/duane/Code/personal/sites/crossroads-site/core/themes/crossroads/assets/custom.js]
0.0037s - [INFO ]   Loading content type [pages]
0.0519s - [INFO ]     Executing plugin [seo]
0.0519s - [INFO ]     Executing plugin [wordpress]
0.0519s - [INFO ]   Loading content type [posts]
0.1196s - [INFO ]     Executing plugin [seo]
0.1196s - [INFO ]     Executing plugin [wordpress]
0.1196s - [INFO ]   Generating single content pages for [pages]
0.1197s - [WARN ]     Template file doesn't exist [pages-single]
0.1197s - [WARN ]     Template file doesn't exist [pages]
0.1197s - [WARN ]     Template file doesn't exist [index]
0.1198s - [INFO ]   Generating single content pages for [posts]
0.1198s - [WARN ]     Template file doesn't exist [posts-single]
0.1198s - [WARN ]     Template file doesn't exist [posts]
0.1198s - [WARN ]     Template file doesn't exist [index]
0.1198s - [INFO ]   Generating index & paginated content for [posts]
0.1199s - [WARN ]     Template file doesn't exist [index]
0.1199s - [INFO ]   Generating home content for [posts]
0.1199s - [WARN ]     Template file doesn't exist [index]
0.1199s - [INFO ]   Generating taxonomy pages for [posts/category]
0.1200s - [WARN ]     Template file doesn't exist [index]
0.1200s - [INFO ]   Generating taxonomy pages for [posts/tag]
0.1201s - [WARN ]     Template file doesn't exist [index]
0.1201s - [INFO ]   Writing [robots.txt]
0.1202s - [INFO ]   Writing [sitemap.xml]
0.1202s - [INFO ] Total entries processed [2], HTML pages generated [2]
0.1202s - [INFO ] Your website is now ready to view. You can run 'php crossroads serve' to view it.
0.1202s - [INFO ] Finished executing [BUILD] command, total time taken 0.120s

0.0002s - [INFO ] Log file active at [_logs/2024-11-12-build.log]
0.0002s - [INFO ] Executing command [BUILD] on [2024-11-12] at [02:40:09]
0.0002s - [INFO ] Starting static website build
0.0002s - [INFO ]   Loading theme [crossroads]
0.0005s - [WARN ]   Setting not found [theme.parent] in [/Users/duane/Code/personal/sites/crossroads-site/core/src/theme.php:46]
0.0006s - [INFO ]     Theme successfull loaded
0.0006s - [INFO ]     Processing asset [crossroads.css]
0.0006s - [WARN ]       Unable to find source [/Users/duane/Code/personal/sites/crossroads-site/core/themes/crossroads/assets/bootstrap.min.css]
0.0006s - [WARN ]       Unable to find source [/Users/duane/Code/personal/sites/crossroads-site/core/themes/crossroads/assets/custom.scss]
0.0006s - [INFO ]     Processing asset [crossroads.min.js]
0.0006s - [WARN ]       Unable to find source [/Users/duane/Code/personal/sites/crossroads-site/core/themes/crossroads/assets/bootstrap.bundle.min.js]
0.0007s - [WARN ]       Unable to find source [/Users/duane/Code/personal/sites/crossroads-site/core/themes/crossroads/assets/custom.js]
0.0029s - [INFO ]   Loading content type [pages]
0.0061s - [INFO ]     Executing plugin [seo]
0.0062s - [INFO ]     Executing plugin [wordpress]
0.0062s - [INFO ]   Loading content type [posts]
0.0076s - [INFO ]     Executing plugin [seo]
0.0076s - [INFO ]     Executing plugin [wordpress]
0.0076s - [INFO ]   Generating single content pages for [pages]
0.0076s - [WARN ]     Template file doesn't exist [pages-single]
0.0076s - [WARN ]     Template file doesn't exist [pages]
0.0076s - [WARN ]     Template file doesn't exist [index]
0.0076s - [INFO ]   Generating single content pages for [posts]
0.0076s - [WARN ]     Template file doesn't exist [posts-single]
0.0076s - [WARN ]     Template file doesn't exist [posts]
0.0077s - [WARN ]     Template file doesn't exist [index]
0.0077s - [INFO ]   Generating index & paginated content for [posts]
0.0077s - [WARN ]     Template file doesn't exist [index]
0.0077s - [INFO ]   Generating home content for [posts]
0.0077s - [WARN ]     Template file doesn't exist [index]
0.0077s - [INFO ]   Generating taxonomy pages for [posts/category]
0.0077s - [WARN ]     Template file doesn't exist [index]
0.0077s - [INFO ]   Generating taxonomy pages for [posts/tag]
0.0077s - [WARN ]     Template file doesn't exist [index]
0.0078s - [INFO ]   Writing [robots.txt]
0.0079s - [INFO ]   Writing [sitemap.xml]
0.0079s - [INFO ] Total entries processed [2], HTML pages generated [2]
0.0079s - [INFO ] Your website is now ready to view. You can run 'php crossroads serve' to view it.
0.0079s - [INFO ] Finished executing [BUILD] command, total time taken 0.008s

0.0002s - [INFO ] Log file active at [_logs/2024-11-12-build.log]
0.0002s - [INFO ] Executing command [BUILD] on [2024-11-12] at [02:40:38]
0.0002s - [INFO ] Starting static website build
0.0002s - [INFO ]   Loading theme [crossroads]
0.0004s - [WARN ]   Setting not found [theme.parent] in [/Users/duane/Code/personal/sites/crossroads-site/core/src/theme.php:46]

0.0001s - [INFO ] Log file active at [_logs/2024-11-12-build.log]
0.0002s - [INFO ] Executing command [BUILD] on [2024-11-12] at [02:43:56]
0.0002s - [INFO ] Starting static website build
0.0002s - [INFO ]   Loading theme [crossroads]
0.0005s - [WARN ]   Setting not found [theme.parent] in [/Users/duane/Code/personal/sites/crossroads-site/core/src/theme.php:51]
0.0006s - [INFO ]     Theme successfull loaded
0.0006s - [INFO ]     Processing asset [crossroads.css]
0.0006s - [WARN ]       Unable to find source [/Users/duane/Code/personal/sites/crossroads-site/core/themes/crossroads/assets/bootstrap.min.css]
0.0006s - [WARN ]       Unable to find source [/Users/duane/Code/personal/sites/crossroads-site/core/themes/crossroads/assets/custom.scss]
0.0006s - [INFO ]     Processing asset [crossroads.min.js]
0.0007s - [WARN ]       Unable to find source [/Users/duane/Code/personal/sites/crossroads-site/core/themes/crossroads/assets/bootstrap.bundle.min.js]
0.0007s - [WARN ]       Unable to find source [/Users/duane/Code/personal/sites/crossroads-site/core/themes/crossroads/assets/custom.js]
0.0031s - [INFO ]   Loading content type [pages]
0.0054s - [INFO ]     Executing plugin [seo]
0.0054s - [INFO ]     Executing plugin [wordpress]
0.0055s - [INFO ]   Loading content type [posts]
0.0069s - [INFO ]     Executing plugin [seo]
0.0069s - [INFO ]     Executing plugin [wordpress]
0.0069s - [INFO ]   Generating single content pages for [pages]
0.0093s - [INFO ]   Generating single content pages for [posts]
0.0104s - [INFO ]   Generating index & paginated content for [posts]
0.0108s - [INFO ]   Generating home content for [posts]
0.0110s - [INFO ]   Generating taxonomy pages for [posts/category]
0.0112s - [INFO ]   Generating taxonomy pages for [posts/tag]
0.0113s - [INFO ]   Writing [robots.txt]
0.0114s - [INFO ]   Writing [sitemap.xml]
0.0115s - [INFO ] Total entries processed [2], HTML pages generated [6]
0.0115s - [INFO ] Your website is now ready to view. You can run 'php crossroads serve' to view it.
0.0115s - [INFO ] Finished executing [BUILD] command, total time taken 0.011s

0.0001s - [INFO ] Log file active at [_logs/2024-11-12-build.log]
0.0002s - [INFO ] Executing command [BUILD] on [2024-11-12] at [02:47:28]
0.0002s - [INFO ] Starting static website build
0.0002s - [INFO ]   Loading theme [crossroads]
0.0004s - [WARN ]   Setting not found [theme.parent] in [/Users/duane/Code/personal/sites/crossroads-site/core/src/theme.php:57]
0.0006s - [INFO ]     Theme successfull loaded
0.0006s - [INFO ]     Processing asset [crossroads.css]
0.0159s - [INFO ]     Processing asset [crossroads.min.js]
0.0184s - [INFO ]   Loading content type [pages]
0.0207s - [INFO ]     Executing plugin [seo]
0.0207s - [INFO ]     Executing plugin [wordpress]
0.0207s - [INFO ]   Loading content type [posts]
0.0221s - [INFO ]     Executing plugin [seo]
0.0221s - [INFO ]     Executing plugin [wordpress]
0.0221s - [INFO ]   Generating single content pages for [pages]
0.0243s - [INFO ]   Generating single content pages for [posts]
0.0253s - [INFO ]   Generating index & paginated content for [posts]
0.0257s - [INFO ]   Generating home content for [posts]
0.0259s - [INFO ]   Generating taxonomy pages for [posts/category]
0.0260s - [INFO ]   Generating taxonomy pages for [posts/tag]
0.0262s - [INFO ]   Writing [robots.txt]
0.0263s - [INFO ]   Writing [sitemap.xml]
0.0263s - [INFO ] Total entries processed [2], HTML pages generated [6]
0.0263s - [INFO ] Your website is now ready to view. You can run 'php crossroads serve' to view it.
0.0263s - [INFO ] Finished executing [BUILD] command, total time taken 0.026s

0.0002s - [INFO ] Log file active at [_logs/2024-11-12-build.log]
0.0002s - [INFO ] Executing command [BUILD] on [2024-11-12] at [02:48:37]
0.0003s - [INFO ] Starting static website build
0.0003s - [INFO ]   Loading theme [crossroads]
0.0006s - [WARN ]   Setting not found [theme.parent] in [/Users/duane/Code/personal/sites/crossroads-site/core/src/theme.php:57]
0.0007s - [INFO ]     Theme successfull loaded
0.0007s - [INFO ]     Processing asset [crossroads.css]
0.0162s - [INFO ]     Processing asset [crossroads.min.js]
0.0191s - [INFO ]   Loading content type [pages]
0.0215s - [INFO ]     Executing plugin [seo]
0.0215s - [INFO ]     Executing plugin [wordpress]
0.0215s - [INFO ]   Loading content type [posts]
0.0228s - [INFO ]     Executing plugin [seo]
0.0228s - [INFO ]     Executing plugin [wordpress]
0.0228s - [INFO ]   Generating single content pages for [pages]
0.0252s - [INFO ]   Generating single content pages for [posts]
0.0260s - [INFO ]   Generating index & paginated content for [posts]
0.0265s - [INFO ]   Generating home content for [posts]
0.0266s - [INFO ]   Generating taxonomy pages for [posts/category]
0.0267s - [INFO ]   Generating taxonomy pages for [posts/tag]
0.0269s - [INFO ]   Writing [robots.txt]
0.0270s - [INFO ]   Writing [sitemap.xml]
0.0270s - [INFO ] Total entries processed [2], HTML pages generated [6]
0.0270s - [INFO ] Your website is now ready to view. You can run 'php crossroads serve' to view it.
0.0270s - [INFO ] Finished executing [BUILD] command, total time taken 0.027s

0.0001s - [INFO ] Log file active at [_logs/2024-11-12-build.log]
0.0002s - [INFO ] Executing command [BUILD] on [2024-11-12] at [02:52:40]
0.0002s - [INFO ] Starting static website build
0.0002s - [INFO ]   Loading theme [crossroads]
0.0003s - [WARN ]   Setting not found [theme.parent] in [/Users/duane/Code/personal/sites/crossroads-site/core/src/theme.php:57]
0.0005s - [INFO ]     Theme successfull loaded
0.0005s - [INFO ]     Processing asset [crossroads.css]
0.0146s - [INFO ]     Processing asset [crossroads.min.js]
0.0174s - [INFO ]   Loading content type [pages]
0.0196s - [INFO ]     Executing plugin [seo]
0.0196s - [INFO ]     Executing plugin [wordpress]
0.0196s - [INFO ]   Loading content type [posts]
0.0209s - [INFO ]     Executing plugin [seo]
0.0209s - [INFO ]     Executing plugin [wordpress]
0.0210s - [INFO ]   Generating single content pages for [pages]
0.0415s - [INFO ]   Generating single content pages for [posts]
0.0422s - [INFO ]   Generating index & paginated content for [posts]
0.0426s - [INFO ]   Generating home content for [posts]
0.0427s - [INFO ]   Generating taxonomy pages for [posts/category]
0.0429s - [INFO ]   Generating taxonomy pages for [posts/tag]
0.0430s - [INFO ]   Writing [robots.txt]
0.0431s - [INFO ]   Writing [sitemap.xml]
0.0431s - [INFO ] Total entries processed [2], HTML pages generated [6]
0.0431s - [INFO ] Your website is now ready to view. You can run 'php crossroads serve' to view it.
0.0431s - [INFO ] Finished executing [BUILD] command, total time taken 0.043s
